# JRE version: OpenJDK Runtime Environment Temurin-17.0.10+7 (17.0.10+7) (build 17.0.10+7)
# Java VM: OpenJDK 64-Bit Server VM Temurin-17.0.10+7 (17.0.10+7, mixed mode, tiered, compressed oops, compressed class ptrs, parallel gc, linux-amd64)
GC Precious Log:
 CPUs: 8 total, 8 available
 Memory: 11885M
 Large Page Support: Disabled
 NUMA Support: Disabled
 Compressed Oops: Enabled (32-bit)
 Alignments: Space 512K, Generation 512K, Heap 2M
 Heap Min Capacity: 100M
 Heap Initial Capacity: 100M
 Heap Max Capacity: 1G
 Pre-touch: Disabled
 Parallel Workers: 8
Heap:
 PSYoungGen      total 15360K, used 15338K [0x00000000eab00000, 0x00000000ec000000, 0x0000000100000000)
  eden space 13824K, 100% used [0x00000000eab00000,0x00000000eb880000,0x00000000eb880000)
  from space 1536K, 98% used [0x00000000ebe00000,0x00000000ebf7a930,0x00000000ebf80000)
  to   space 512K, 100% used [0x00000000ebf80000,0x00000000ec000000,0x00000000ec000000)
 ParOldGen       total 217088K, used 213002K [0x00000000c0000000, 0x00000000cd400000, 0x00000000eab00000)
  object space 217088K, 98% used [0x00000000c0000000,0x00000000cd002bb0,0x00000000cd400000)
 Metaspace       used 108717K, committed 110208K, reserved 1179648K
  class space    used 10887K, committed 11520K, reserved 1048576K
GC Heap History (20 events):
Event: 3932.285 GC heap after
{Heap after GC invocations=7465 (full 161):
 PSYoungGen      total 15872K, used 658K [0x00000000eab00000, 0x00000000ebc80000, 0x0000000100000000)
  eden space 14848K, 0% used [0x00000000eab00000,0x00000000eab00000,0x00000000eb980000)
  from space 1024K, 64% used [0x00000000ebb80000,0x00000000ebc24818,0x00000000ebc80000)
  to   space 1536K, 0% used [0x00000000eb980000,0x00000000eb980000,0x00000000ebb00000)
 ParOldGen       total 217088K, used 186656K [0x00000000c0000000, 0x00000000cd400000, 0x00000000eab00000)
  object space 217088K, 85% used [0x00000000c0000000,0x00000000cb648038,0x00000000cd400000)
 Metaspace       used 108717K, committed 110208K, reserved 1179648K
  class space    used 10887K, committed 11520K, reserved 1048576K
}
Event: 3932.298 GC heap before
{Heap before GC invocations=7466 (full 161):
 PSYoungGen      total 15872K, used 15506K [0x00000000eab00000, 0x00000000ebc80000, 0x0000000100000000)
  eden space 14848K, 100% used [0x00000000eab00000,0x00000000eb980000,0x00000000eb980000)
  from space 1024K, 64% used [0x00000000ebb80000,0x00000000ebc24818,0x00000000ebc80000)
  to   space 1536K, 0% used [0x00000000eb980000,0x00000000eb980000,0x00000000ebb00000)
 ParOldGen       total 217088K, used 186656K [0x00000000c0000000, 0x00000000cd400000, 0x00000000eab00000)
  object space 217088K, 85% used [0x00000000c0000000,0x00000000cb648038,0x00000000cd400000)
 Metaspace       used 108717K, committed 110208K, reserved 1179648K
  class space    used 10887K, committed 11520K, reserved 1048576K
}
Event: 3932.300 GC heap after
{Heap after GC invocations=7466 (full 161):
 PSYoungGen      total 16384K, used 1184K [0x00000000eab00000, 0x00000000ebc80000, 0x0000000100000000)
  eden space 14848K, 0% used [0x00000000eab00000,0x00000000eab00000,0x00000000eb980000)
  from space 1536K, 77% used [0x00000000eb980000,0x00000000ebaa8040,0x00000000ebb00000)
  to   space 1536K, 0% used [0x00000000ebb00000,0x00000000ebb00000,0x00000000ebc80000)
 ParOldGen       total 217088K, used 187236K [0x00000000c0000000, 0x00000000cd400000, 0x00000000eab00000)
  object space 217088K, 86% used [0x00000000c0000000,0x00000000cb6d9150,0x00000000cd400000)
 Metaspace       used 108717K, committed 110208K, reserved 1179648K
  class space    used 10887K, committed 11520K, reserved 1048576K
}
Event: 3932.320 GC heap before
{Heap before GC invocations=7467 (full 161):
 PSYoungGen      total 16384K, used 16032K [0x00000000eab00000, 0x00000000ebc80000, 0x0000000100000000)
  eden space 14848K, 100% used [0x00000000eab00000,0x00000000eb980000,0x00000000eb980000)
  from space 1536K, 77% used [0x00000000eb980000,0x00000000ebaa8040,0x00000000ebb00000)
  to   space 1536K, 0% used [0x00000000ebb00000,0x00000000ebb00000,0x00000000ebc80000)
 ParOldGen       total 217088K, used 187236K [0x00000000c0000000, 0x00000000cd400000, 0x00000000eab00000)
  object space 217088K, 86% used [0x00000000c0000000,0x00000000cb6d9150,0x00000000cd400000)
 Metaspace       used 108717K, committed 110208K, reserved 1179648K
  class space    used 10887K, committed 11520K, reserved 1048576K
}
Event: 3932.322 GC heap after
{Heap after GC invocations=7467 (full 161):
 PSYoungGen      total 12800K, used 1527K [0x00000000eab00000, 0x00000000ec380000, 0x0000000100000000)
  eden space 11264K, 0% used [0x00000000eab00000,0x00000000eab00000,0x00000000eb600000)
  from space 1536K, 99% used [0x00000000ebb00000,0x00000000ebc7dc68,0x00000000ebc80000)
  to   space 5120K, 0% used [0x00000000eb600000,0x00000000eb600000,0x00000000ebb00000)
 ParOldGen       total 217088K, used 190044K [0x00000000c0000000, 0x00000000cd400000, 0x00000000eab00000)
  object space 217088K, 87% used [0x00000000c0000000,0x00000000cb997080,0x00000000cd400000)
 Metaspace       used 108717K, committed 110208K, reserved 1179648K
  class space    used 10887K, committed 11520K, reserved 1048576K
}
Event: 3932.713 GC heap before
{Heap before GC invocations=7468 (full 161):
 PSYoungGen      total 12800K, used 12791K [0x00000000eab00000, 0x00000000ec380000, 0x0000000100000000)
  eden space 11264K, 100% used [0x00000000eab00000,0x00000000eb600000,0x00000000eb600000)
  from space 1536K, 99% used [0x00000000ebb00000,0x00000000ebc7dc68,0x00000000ebc80000)
  to   space 5120K, 0% used [0x00000000eb600000,0x00000000eb600000,0x00000000ebb00000)
 ParOldGen       total 217088K, used 190044K [0x00000000c0000000, 0x00000000cd400000, 0x00000000eab00000)
  object space 217088K, 87% used [0x00000000c0000000,0x00000000cb997080,0x00000000cd400000)
 Metaspace       used 108717K, committed 110208K, reserved 1179648K
  class space    used 10887K, committed 11520K, reserved 1048576K
}
Event: 3932.718 GC heap after
{Heap after GC invocations=7468 (full 161):
 PSYoungGen      total 16384K, used 5105K [0x00000000eab00000, 0x00000000ed000000, 0x0000000100000000)
  eden space 11264K, 0% used [0x00000000eab00000,0x00000000eab00000,0x00000000eb600000)
  from space 5120K, 99% used [0x00000000eb600000,0x00000000ebafc760,0x00000000ebb00000)
  to   space 13312K, 0% used [0x00000000ec300000,0x00000000ec300000,0x00000000ed000000)
 ParOldGen       total 217088K, used 196603K [0x00000000c0000000, 0x00000000cd400000, 0x00000000eab00000)
  object space 217088K, 90% used [0x00000000c0000000,0x00000000cbffed08,0x00000000cd400000)
 Metaspace       used 108717K, committed 110208K, reserved 1179648K
  class space    used 10887K, committed 11520K, reserved 1048576K
}
Event: 3932.732 GC heap before
{Heap before GC invocations=7469 (full 161):
 PSYoungGen      total 16384K, used 16369K [0x00000000eab00000, 0x00000000ed000000, 0x0000000100000000)
  eden space 11264K, 100% used [0x00000000eab00000,0x00000000eb600000,0x00000000eb600000)
  from space 5120K, 99% used [0x00000000eb600000,0x00000000ebafc760,0x00000000ebb00000)
  to   space 13312K, 0% used [0x00000000ec300000,0x00000000ec300000,0x00000000ed000000)
 ParOldGen       total 217088K, used 196603K [0x00000000c0000000, 0x00000000cd400000, 0x00000000eab00000)
  object space 217088K, 90% used [0x00000000c0000000,0x00000000cbffed08,0x00000000cd400000)
 Metaspace       used 108717K, committed 110208K, reserved 1179648K
  class space    used 10887K, committed 11520K, reserved 1048576K
}
Event: 3932.737 GC heap after
{Heap after GC invocations=7469 (full 161):
 PSYoungGen      total 15872K, used 4306K [0x00000000eab00000, 0x00000000ec780000, 0x0000000100000000)
  eden space 11264K, 0% used [0x00000000eab00000,0x00000000eab00000,0x00000000eb600000)
  from space 4608K, 93% used [0x00000000ec300000,0x00000000ec734838,0x00000000ec780000)
  to   space 7168K, 0% used [0x00000000eb980000,0x00000000eb980000,0x00000000ec080000)
 ParOldGen       total 217088K, used 201698K [0x00000000c0000000, 0x00000000cd400000, 0x00000000eab00000)
  object space 217088K, 92% used [0x00000000c0000000,0x00000000cc4f8b68,0x00000000cd400000)
 Metaspace       used 108717K, committed 110208K, reserved 1179648K
  class space    used 10887K, committed 11520K, reserved 1048576K
}
Event: 3932.749 GC heap before
{Heap before GC invocations=7470 (full 161):
 PSYoungGen      total 15872K, used 15570K [0x00000000eab00000, 0x00000000ec780000, 0x0000000100000000)
  eden space 11264K, 100% used [0x00000000eab00000,0x00000000eb600000,0x00000000eb600000)
  from space 4608K, 93% used [0x00000000ec300000,0x00000000ec734838,0x00000000ec780000)
  to   space 7168K, 0% used [0x00000000eb980000,0x00000000eb980000,0x00000000ec080000)
 ParOldGen       total 217088K, used 201698K [0x00000000c0000000, 0x00000000cd400000, 0x00000000eab00000)
  object space 217088K, 92% used [0x00000000c0000000,0x00000000cc4f8b68,0x00000000cd400000)
 Metaspace       used 108717K, committed 110208K, reserved 1179648K
  class space    used 10887K, committed 11520K, reserved 1048576K
}
Event: 3932.752 GC heap after
{Heap after GC invocations=7470 (full 161):
 PSYoungGen      total 18432K, used 1600K [0x00000000eab00000, 0x00000000ec380000, 0x0000000100000000)
  eden space 11264K, 0% used [0x00000000eab00000,0x00000000eab00000,0x00000000eb600000)
  from space 7168K, 22% used [0x00000000eb980000,0x00000000ebb10020,0x00000000ec080000)
  to   space 3072K, 0% used [0x00000000ec080000,0x00000000ec080000,0x00000000ec380000)
 ParOldGen       total 217088K, used 205691K [0x00000000c0000000, 0x00000000cd400000, 0x00000000eab00000)
  object space 217088K, 94% used [0x00000000c0000000,0x00000000cc8dee18,0x00000000cd400000)
 Metaspace       used 108717K, committed 110208K, reserved 1179648K
  class space    used 10887K, committed 11520K, reserved 1048576K
}
Event: 3932.765 GC heap before
{Heap before GC invocations=7471 (full 161):
 PSYoungGen      total 18432K, used 12864K [0x00000000eab00000, 0x00000000ec380000, 0x0000000100000000)
  eden space 11264K, 99% used [0x00000000eab00000,0x00000000eb5ffff8,0x00000000eb600000)
  from space 7168K, 22% used [0x00000000eb980000,0x00000000ebb10020,0x00000000ec080000)
  to   space 3072K, 0% used [0x00000000ec080000,0x00000000ec080000,0x00000000ec380000)
 ParOldGen       total 217088K, used 205691K [0x00000000c0000000, 0x00000000cd400000, 0x00000000eab00000)
  object space 217088K, 94% used [0x00000000c0000000,0x00000000cc8dee18,0x00000000cd400000)
 Metaspace       used 108717K, committed 110208K, reserved 1179648K
  class space    used 10887K, committed 11520K, reserved 1048576K
}
Event: 3932.769 GC heap after
{Heap after GC invocations=7471 (full 161):
 PSYoungGen      total 15360K, used 1344K [0x00000000eab00000, 0x00000000ec200000, 0x0000000100000000)
  eden space 13824K, 0% used [0x00000000eab00000,0x00000000eab00000,0x00000000eb880000)
  from space 1536K, 87% used [0x00000000ec080000,0x00000000ec1d0020,0x00000000ec200000)
  to   space 2048K, 0% used [0x00000000ebe00000,0x00000000ebe00000,0x00000000ec000000)
 ParOldGen       total 217088K, used 207215K [0x00000000c0000000, 0x00000000cd400000, 0x00000000eab00000)
  object space 217088K, 95% used [0x00000000c0000000,0x00000000cca5be88,0x00000000cd400000)
 Metaspace       used 108717K, committed 110208K, reserved 1179648K
  class space    used 10887K, committed 11520K, reserved 1048576K
}
Event: 3932.785 GC heap before
{Heap before GC invocations=7472 (full 161):
 PSYoungGen      total 15360K, used 15168K [0x00000000eab00000, 0x00000000ec200000, 0x0000000100000000)
  eden space 13824K, 100% used [0x00000000eab00000,0x00000000eb880000,0x00000000eb880000)
  from space 1536K, 87% used [0x00000000ec080000,0x00000000ec1d0020,0x00000000ec200000)
  to   space 2048K, 0% used [0x00000000ebe00000,0x00000000ebe00000,0x00000000ec000000)
 ParOldGen       total 217088K, used 207215K [0x00000000c0000000, 0x00000000cd400000, 0x00000000eab00000)
  object space 217088K, 95% used [0x00000000c0000000,0x00000000cca5be88,0x00000000cd400000)
 Metaspace       used 108717K, committed 110208K, reserved 1179648K
  class space    used 10887K, committed 11520K, reserved 1048576K
}
Event: 3932.788 GC heap after
{Heap after GC invocations=7472 (full 161):
 PSYoungGen      total 15360K, used 1436K [0x00000000eab00000, 0x00000000ec100000, 0x0000000100000000)
  eden space 13824K, 0% used [0x00000000eab00000,0x00000000eab00000,0x00000000eb880000)
  from space 1536K, 93% used [0x00000000ebe00000,0x00000000ebf67108,0x00000000ebf80000)
  to   space 1536K, 0% used [0x00000000ebf80000,0x00000000ebf80000,0x00000000ec100000)
 ParOldGen       total 217088K, used 208395K [0x00000000c0000000, 0x00000000cd400000, 0x00000000eab00000)
  object space 217088K, 95% used [0x00000000c0000000,0x00000000ccb82f18,0x00000000cd400000)
 Metaspace       used 108717K, committed 110208K, reserved 1179648K
  class space    used 10887K, committed 11520K, reserved 1048576K
}
Event: 3932.801 GC heap before
{Heap before GC invocations=7473 (full 161):
 PSYoungGen      total 15360K, used 15260K [0x00000000eab00000, 0x00000000ec100000, 0x0000000100000000)
  eden space 13824K, 100% used [0x00000000eab00000,0x00000000eb880000,0x00000000eb880000)
  from space 1536K, 93% used [0x00000000ebe00000,0x00000000ebf67108,0x00000000ebf80000)
  to   space 1536K, 0% used [0x00000000ebf80000,0x00000000ebf80000,0x00000000ec100000)
 ParOldGen       total 217088K, used 208395K [0x00000000c0000000, 0x00000000cd400000, 0x00000000eab00000)
  object space 217088K, 95% used [0x00000000c0000000,0x00000000ccb82f18,0x00000000cd400000)
 Metaspace       used 108717K, committed 110208K, reserved 1179648K
  class space    used 10887K, committed 11520K, reserved 1048576K
}
Event: 3932.803 GC heap after
{Heap after GC invocations=7473 (full 161):
 PSYoungGen      total 15360K, used 1168K [0x00000000eab00000, 0x00000000ec100000, 0x0000000100000000)
  eden space 13824K, 0% used [0x00000000eab00000,0x00000000eab00000,0x00000000eb880000)
  from space 1536K, 76% used [0x00000000ebf80000,0x00000000ec0a4050,0x00000000ec100000)
  to   space 1536K, 0% used [0x00000000ebe00000,0x00000000ebe00000,0x00000000ebf80000)
 ParOldGen       total 217088K, used 209732K [0x00000000c0000000, 0x00000000cd400000, 0x00000000eab00000)
  object space 217088K, 96% used [0x00000000c0000000,0x00000000cccd1118,0x00000000cd400000)
 Metaspace       used 108717K, committed 110208K, reserved 1179648K
  class space    used 10887K, committed 11520K, reserved 1048576K
}
Event: 3933.546 GC heap before
{Heap before GC invocations=7474 (full 161):
 PSYoungGen      total 15360K, used 14992K [0x00000000eab00000, 0x00000000ec100000, 0x0000000100000000)
  eden space 13824K, 100% used [0x00000000eab00000,0x00000000eb880000,0x00000000eb880000)
  from space 1536K, 76% used [0x00000000ebf80000,0x00000000ec0a4050,0x00000000ec100000)
  to   space 1536K, 0% used [0x00000000ebe00000,0x00000000ebe00000,0x00000000ebf80000)
 ParOldGen       total 217088K, used 209732K [0x00000000c0000000, 0x00000000cd400000, 0x00000000eab00000)
  object space 217088K, 96% used [0x00000000c0000000,0x00000000cccd1118,0x00000000cd400000)
 Metaspace       used 108717K, committed 110208K, reserved 1179648K
  class space    used 10887K, committed 11520K, reserved 1048576K
}
Event: 3933.550 GC heap after
{Heap after GC invocations=7474 (full 161):
 PSYoungGen      total 15360K, used 1514K [0x00000000eab00000, 0x00000000ec000000, 0x0000000100000000)
  eden space 13824K, 0% used [0x00000000eab00000,0x00000000eab00000,0x00000000eb880000)
  from space 1536K, 98% used [0x00000000ebe00000,0x00000000ebf7a930,0x00000000ebf80000)
  to   space 512K, 0% used [0x00000000ebf80000,0x00000000ebf80000,0x00000000ec000000)
 ParOldGen       total 217088K, used 211017K [0x00000000c0000000, 0x00000000cd400000, 0x00000000eab00000)
  object space 217088K, 97% used [0x00000000c0000000,0x00000000cce12478,0x00000000cd400000)
 Metaspace       used 108717K, committed 110208K, reserved 1179648K
  class space    used 10887K, committed 11520K, reserved 1048576K
}
Event: 3933.563 GC heap before
{Heap before GC invocations=7475 (full 161):
 PSYoungGen      total 15360K, used 15338K [0x00000000eab00000, 0x00000000ec000000, 0x0000000100000000)
  eden space 13824K, 100% used [0x00000000eab00000,0x00000000eb880000,0x00000000eb880000)
  from space 1536K, 98% used [0x00000000ebe00000,0x00000000ebf7a930,0x00000000ebf80000)
  to   space 512K, 0% used [0x00000000ebf80000,0x00000000ebf80000,0x00000000ec000000)
 ParOldGen       total 217088K, used 211017K [0x00000000c0000000, 0x00000000cd400000, 0x00000000eab00000)
  object space 217088K, 97% used [0x00000000c0000000,0x00000000cce12478,0x00000000cd400000)
 Metaspace       used 108717K, committed 110208K, reserved 1179648K
  class space    used 10887K, committed 11520K, reserved 1048576K
}

